<?xml version="1.0" encoding="UTF-8" ?>
<testsuite tests="2" failures="1" name="TestSuite" time="97.505" errors="0" skipped="0">
  <properties>
[...]
</properties>
  <testcase classname="Selenium.demo.FacebookTest" name="Login" time="97.505">
    <failure message="Failed to decode response from marionette
Build info: version: &apos;3.141.59&apos;, revision: &apos;e82be7d358&apos;, time: &apos;2018-11-14T08:17:03&apos;
System info: host: &apos;DESKTOP-LAJK78K&apos;, ip: &apos;192.168.43.201&apos;, os.name: &apos;Windows 10&apos;, os.arch: &apos;amd64&apos;, os.version: &apos;10.0&apos;, java.version: &apos;1.8.0_191&apos;
Driver info: org.openqa.selenium.firefox.FirefoxDriver
Capabilities {acceptInsecureCerts: true, browserName: firefox, browserVersion: 62.0.3, javascriptEnabled: true, moz:accessibilityChecks: false, moz:geckodriverVersion: 0.23.0, moz:headless: false, moz:processID: 4668, moz:profile: C:\Users\Abhishek\AppData\L..., moz:useNonSpecCompliantPointerOrigin: false, moz:webdriverClick: true, pageLoadStrategy: normal, platform: XP, platformName: XP, platformVersion: 10.0, rotatable: false, timeouts: {implicit: 0, pageLoad: 300000, script: 30000}}
Session ID: b8f01e7d-ef0b-4540-8b5e-b070960ece65
*** Element info: {Using=id, value=email}" type="org.openqa.selenium.WebDriverException">org.openqa.selenium.WebDriverException: Failed to decode response from marionette
Build info: version: &apos;3.141.59&apos;, revision: &apos;e82be7d358&apos;, time: &apos;2018-11-14T08:17:03&apos;
System info: host: &apos;DESKTOP-LAJK78K&apos;, ip: &apos;192.168.43.201&apos;, os.name: &apos;Windows 10&apos;, os.arch: &apos;amd64&apos;, os.version: &apos;10.0&apos;, java.version: &apos;1.8.0_191&apos;
Driver info: org.openqa.selenium.firefox.FirefoxDriver
Capabilities {acceptInsecureCerts: true, browserName: firefox, browserVersion: 62.0.3, javascriptEnabled: true, moz:accessibilityChecks: false, moz:geckodriverVersion: 0.23.0, moz:headless: false, moz:processID: 4668, moz:profile: C:\Users\Abhishek\AppData\L..., moz:useNonSpecCompliantPointerOrigin: false, moz:webdriverClick: true, pageLoadStrategy: normal, platform: XP, platformName: XP, platformVersion: 10.0, rotatable: false, timeouts: {implicit: 0, pageLoad: 300000, script: 30000}}
Session ID: b8f01e7d-ef0b-4540-8b5e-b070960ece65
*** Element info: {Using=id, value=email}
	at sun.reflect.NativeConstructorAccessorImpl.newInstance0(Native Method)
	at sun.reflect.NativeConstructorAccessorImpl.newInstance(NativeConstructorAccessorImpl.java:62)
	at sun.reflect.DelegatingConstructorAccessorImpl.newInstance(DelegatingConstructorAccessorImpl.java:45)
	at java.lang.reflect.Constructor.newInstance(Constructor.java:423)
	at org.openqa.selenium.remote.http.W3CHttpResponseCodec.createException(W3CHttpResponseCodec.java:187)
	at org.openqa.selenium.remote.http.W3CHttpResponseCodec.decode(W3CHttpResponseCodec.java:122)
	at org.openqa.selenium.remote.http.W3CHttpResponseCodec.decode(W3CHttpResponseCodec.java:49)
	at org.openqa.selenium.remote.HttpCommandExecutor.execute(HttpCommandExecutor.java:158)
	at org.openqa.selenium.remote.service.DriverCommandExecutor.execute(DriverCommandExecutor.java:83)
	at org.openqa.selenium.remote.RemoteWebDriver.execute(RemoteWebDriver.java:552)
	at org.openqa.selenium.remote.RemoteWebDriver.findElement(RemoteWebDriver.java:323)
	at org.openqa.selenium.remote.RemoteWebDriver.findElementById(RemoteWebDriver.java:372)
	at org.openqa.selenium.By$ById.findElement(By.java:188)
	at org.openqa.selenium.remote.RemoteWebDriver.findElement(RemoteWebDriver.java:315)
	at Selenium.demo.FacebookTest.Login(FacebookTest.java:22)
</failure>
    <system-out>...
... TestNG 6.8beta 20120825_1010 by C?dric Beust (cedric@beust.com)
...

Hello
</system-out>
    <system-err>1544364562910	mozrunner::runner	INFO	Running command: &quot;C:\\Program Files\\Mozilla Firefox\\firefox.exe&quot; &quot;-marionette&quot; &quot;-foreground&quot; &quot;-no-remote&quot; &quot;-profile&quot; &quot;C:\\Users\\Abhishek\\AppData\\Local\\Temp\\rust_mozprofile.4lAgIgi01Ifn&quot;
1544364569399	Marionette	INFO	Listening on port 50914
1544364569796	Marionette	WARN	TLS certificate errors will be ignored for this session
1544364569824	Marionette	DEBUG	[6442450945] Frame script loaded
1544364569833	Marionette	DEBUG	[6442450945] Frame script registered
Dec 09, 2018 7:39:29 PM org.openqa.selenium.remote.ProtocolHandshake createSession
INFO: Detected dialect: W3C
1544364569874	Marionette	DEBUG	[6442450945] Received DOM event beforeunload for about:blank
1544364583216	Marionette	DEBUG	[6442450945] Received DOM event pagehide for about:blank
1544364602324	Marionette	DEBUG	[6442450945] Received DOM event DOMContentLoaded for https://www.facebook.com/
1544364634027	Marionette	DEBUG	[6442450945] Received observer notification outer-window-destroyed for 6442450953
1544364652197	Marionette	DEBUG	[6442450945] Received observer notification outer-window-destroyed for 6442450959
1544364654049	Marionette	DEBUG	[6442450945] Received DOM event beforeunload for https://www.facebook.com/
1544364654105	Marionette	DEBUG	[6442450945] Received DOM event unload for https://www.facebook.com/
1544364654118	Marionette	DEBUG	[6442450945] Received observer notification outer-window-destroyed for 6442450958
1544364654118	Marionette	DEBUG	[6442450945] Received observer notification outer-window-destroyed for 6442450949
1544364654119	Marionette	DEBUG	[6442450945] Received observer notification outer-window-destroyed for 6442450951
1544364654119	Marionette	DEBUG	[6442450945] Received observer notification outer-window-destroyed for 6442450945
[Child 6552, Chrome_ChildThread] WARNING: pipe error: 109: file z:/build/build/src/ipc/chromium/src/chrome/common/ipc_channel_win.cc, line 346
[Child 6552, Chrome_ChildThread] WARNING: pipe error: 109: file z:/b[Child 5712, Chrome_ChildThread] WARNING: pipe error: 232: file z:/build/build/src/ipc/chromium/src/chrome/common/ipc_channel_win.cc, line 513
[Child 5712, Chrome_ChildThread] WARNING
###!!! [Child][RunMessage] Error: Channel closing: too late to send/recv, messages will be lost

: pipe 
###!!! [Child][RunMessage] Error: Channel closing: too late to send/recv, messages will be lost

error: 109: file z:/build/build/src/ipc/chromium/src/chrome/common/ipc_channel_win.cc, line 346
[Child 5712, Chrome_ChildThrea[Parent 4668, Gecko_IOThread] WARNING: pipe error: 109: file z:/build/build/src/ipc/chromium/src/chrome/common/ipc_channel_win.cc, line 346
[Child 7372, Chrome_ChildThread] WARNING: pipe error: 109: file z:/build/build/src/ipc/chromium/src/chrome/common/ipc_channel_win.cc, line 346
[Child 71544364655994	Marionette	INFO	Stopped listening on port 50914
[GPU 8120, Chrome_ChildThread] WARNING: pipe error: 109: file z:/
###!!! [Child][MessageChannel::SendAndWait] Error: Channel error: cannot send/recv

</system-err>
  </testcase>
  <testcase classname="Selenium.demo.Fun" name="done" time="0"/>
</testsuite>